<?xml version="1.0" encoding="utf-8"?>
<TestRun id="bf2ca640-4bde-4fe9-85ae-48213b880db9" name="Jmoreno@P-JMORENO 2021-11-30 13:52:47" runUser="INTERGRUPO\Jmoreno" xmlns="http://microsoft.com/schemas/VisualStudio/TeamTest/2010">
  <Times creation="2021-11-30T13:52:47.3389933-05:00" queuing="2021-11-30T13:52:47.3389943-05:00" start="2021-11-30T13:52:45.0801559-05:00" finish="2021-11-30T13:52:47.3465283-05:00" />
  <TestSettings name="default" id="db08a0d9-f3d1-4767-981c-a5d89af82f41">
    <Deployment runDeploymentRoot="Jmoreno_P-JMORENO_2021-11-30_13_52_47" />
  </TestSettings>
  <Results>
    <UnitTestResult executionId="161abac5-53b9-4859-a6b5-62cc9bf11d08" testId="0f310a47-a355-414b-dec6-69e505687035" testName="MostrarProdTest" computerName="P-JMORENO" duration="00:00:00.3089423" startTime="2021-11-30T13:52:46.6752838-05:00" endTime="2021-11-30T13:52:47.0168048-05:00" testType="13cdc9d9-ddb5-4fa4-a97d-d965ccfc6d4b" outcome="Passed" testListId="8c84fa94-04c1-424b-9868-57a2d4851a1d" relativeResultsDirectory="161abac5-53b9-4859-a6b5-62cc9bf11d08" />
  </Results>
  <TestDefinitions>
    <UnitTest name="MostrarProdTest" storage="c:\users\jmoreno\onedrive - ig services s.a.s\documentos\ejercicios\devops\juan-autoestudio-ejercicio2\testproject\bin\debug\net5.0\testproject.dll" id="0f310a47-a355-414b-dec6-69e505687035">
      <Execution id="161abac5-53b9-4859-a6b5-62cc9bf11d08" />
      <TestMethod codeBase="C:\Users\jmoreno\OneDrive - IG Services S.A.S\Documentos\Ejercicios\DevOps\Juan-Autoestudio-Ejercicio2\TestProject\bin\Debug\net5.0\TestProject.dll" adapterTypeName="executor://mstestadapter/v2" className="TestProject.CN_ProductosTest" name="MostrarProdTest" />
    </UnitTest>
  </TestDefinitions>
  <TestEntries>
    <TestEntry testId="0f310a47-a355-414b-dec6-69e505687035" executionId="161abac5-53b9-4859-a6b5-62cc9bf11d08" testListId="8c84fa94-04c1-424b-9868-57a2d4851a1d" />
  </TestEntries>
  <TestLists>
    <TestList name="Results Not in a List" id="8c84fa94-04c1-424b-9868-57a2d4851a1d" />
    <TestList name="All Loaded Results" id="19431567-8539-422a-85d7-44ee4e166bda" />
  </TestLists>
  <ResultSummary outcome="Completed">
    <Counters total="1" executed="1" passed="1" failed="0" error="0" timeout="0" aborted="0" inconclusive="0" passedButRunAborted="0" notRunnable="0" notExecuted="0" disconnected="0" warning="0" completed="0" inProgress="0" pending="0" />
    <CollectorDataEntries>
      <Collector agentName="P-JMORENO" uri="datacollector://microsoft/CodeCoverage/2.0" collectorDisplayName="Code Coverage">
        <UriAttachments>
          <UriAttachment>
            <A href="P-JMORENO\Jmoreno_P-JMORENO_2021-11-30.13_52_45.coverage"></A>
          </UriAttachment>
        </UriAttachments>
      </Collector>
    </CollectorDataEntries>
  </ResultSummary>
</TestRun>